<?xml version="1.0" encoding="UTF-8"?>
<testsuite xmlns:xsi="http://www.w3.org/2001/XMLSchema-instance" xsi:noNamespaceSchemaLocation="https://maven.apache.org/surefire/maven-surefire-plugin/xsd/surefire-test-report.xsd" version="3.0.2" name="com.Auth.demo.DemoApplicationTests" time="6.665" tests="1" errors="0" skipped="0" failures="0">
  <properties>
[...]
</properties>
  <testcase name="contextLoads" classname="com.Auth.demo.DemoApplicationTests" time="0.95">
    <system-out><![CDATA[21:23:34.209 [main] INFO org.springframework.test.context.support.AnnotationConfigContextLoaderUtils -- Could not detect default configuration classes for test class [com.Auth.demo.DemoApplicationTests]: DemoApplicationTests does not declare any static, non-private, non-final, nested classes annotated with @Configuration.
21:23:34.409 [main] INFO org.springframework.boot.test.context.SpringBootTestContextBootstrapper -- Found @SpringBootConfiguration com.Auth.demo.DemoApplication for test class com.Auth.demo.DemoApplicationTests
21:23:34.855 [main] INFO org.springframework.boot.devtools.restart.RestartApplicationListener -- Restart disabled due to context in which it is running

  .   ____          _            __ _ _
 /\\ / ___'_ __ _ _(_)_ __  __ _ \ \ \ \
( ( )\___ | '_ | '_| | '_ \/ _` | \ \ \ \
 \\/  ___)| |_)| | | | | || (_| |  ) ) ) )
  '  |____| .__|_| |_|_| |_\__, | / / / /
 =========|_|==============|___/=/_/_/_/

 :: Spring Boot ::                (v3.4.4)

2025-05-11T21:23:35.226+05:30  INFO 19320 --- [demo] [           main] com.Auth.demo.DemoApplicationTests       : Starting DemoApplicationTests using Java 21.0.5 with PID 19320 (started by HP in D:\3year\New folder (2)\Micro\demo)
2025-05-11T21:23:35.228+05:30  INFO 19320 --- [demo] [           main] com.Auth.demo.DemoApplicationTests       : No active profile set, falling back to 1 default profile: "default"
2025-05-11T21:23:36.535+05:30  INFO 19320 --- [demo] [           main] .s.d.r.c.RepositoryConfigurationDelegate : Bootstrapping Spring Data MongoDB repositories in DEFAULT mode.
2025-05-11T21:23:36.586+05:30  INFO 19320 --- [demo] [           main] .s.d.r.c.RepositoryConfigurationDelegate : Finished Spring Data repository scanning in 44 ms. Found 1 MongoDB repository interface.
2025-05-11T21:23:36.882+05:30  INFO 19320 --- [demo] [           main] o.s.cloud.context.scope.GenericScope     : BeanFactory id=dfa95126-483f-3d7c-aec0-f0f75b13f6c4
2025-05-11T21:23:37.621+05:30  INFO 19320 --- [demo] [           main] org.mongodb.driver.client                : MongoClient with metadata {"application": {"name": "Cluster0"}, "driver": {"name": "mongo-java-driver|sync|spring-boot", "version": "5.2.1"}, "os": {"type": "Windows", "name": "Windows 11", "architecture": "amd64", "version": "10.0"}, "platform": "Java/Oracle Corporation/21.0.5+9-LTS-239"} created with settings MongoClientSettings{readPreference=primary, writeConcern=WriteConcern{w=majority, wTimeout=null ms, journal=null}, retryWrites=true, retryReads=true, readConcern=ReadConcern{level=null}, credential=MongoCredential{mechanism=null, userName='mendisdumindu21', source='admin', password=<hidden>, mechanismProperties=<hidden>}, transportSettings=null, commandListeners=[io.micrometer.core.instrument.binder.mongodb.MongoMetricsCommandListener@5f3b84bd], codecRegistry=ProvidersCodecRegistry{codecProviders=[ValueCodecProvider{}, BsonValueCodecProvider{}, DBRefCodecProvider{}, DBObjectCodecProvider{}, DocumentCodecProvider{}, CollectionCodecProvider{}, IterableCodecProvider{}, MapCodecProvider{}, GeoJsonCodecProvider{}, GridFSFileCodecProvider{}, Jsr310CodecProvider{}, JsonObjectCodecProvider{}, BsonCodecProvider{}, EnumCodecProvider{}, com.mongodb.client.model.mql.ExpressionCodecProvider@1e734eee, com.mongodb.Jep395RecordCodecProvider@1e191150, com.mongodb.KotlinCodecProvider@2fbd390]}, loggerSettings=LoggerSettings{maxDocumentLength=1000}, clusterSettings={hosts=[127.0.0.1:27017], srvHost=cluster0.zf3phab.mongodb.net, srvServiceName=mongodb, mode=MULTIPLE, requiredClusterType=REPLICA_SET, requiredReplicaSetName='atlas-a3dgq9-shard-0', serverSelector='null', clusterListeners='[]', serverSelectionTimeout='30000 ms', localThreshold='15 ms'}, socketSettings=SocketSettings{connectTimeoutMS=10000, readTimeoutMS=0, receiveBufferSize=0, proxySettings=ProxySettings{host=null, port=null, username=null, password=null}}, heartbeatSocketSettings=SocketSettings{connectTimeoutMS=10000, readTimeoutMS=10000, receiveBufferSize=0, proxySettings=ProxySettings{host=null, port=null, username=null, password=null}}, connectionPoolSettings=ConnectionPoolSettings{maxSize=100, minSize=0, maxWaitTimeMS=120000, maxConnectionLifeTimeMS=0, maxConnectionIdleTimeMS=0, maintenanceInitialDelayMS=0, maintenanceFrequencyMS=60000, connectionPoolListeners=[io.micrometer.core.instrument.binder.mongodb.MongoMetricsConnectionPoolListener@166b11e], maxConnecting=2}, serverSettings=ServerSettings{heartbeatFrequencyMS=10000, minHeartbeatFrequencyMS=500, serverMonitoringMode=AUTO, serverListeners='[]', serverMonitorListeners='[]'}, sslSettings=SslSettings{enabled=true, invalidHostNameAllowed=false, context=null}, applicationName='Cluster0', compressorList=[], uuidRepresentation=JAVA_LEGACY, serverApi=null, autoEncryptionSettings=null, dnsClient=null, inetAddressResolver=null, contextProvider=null, timeoutMS=null}
2025-05-11T21:23:37.772+05:30  INFO 19320 --- [demo] [hab.mongodb.net] org.mongodb.driver.cluster               : Adding discovered server ac-tgwnsr8-shard-00-00.zf3phab.mongodb.net:27017 to client view of cluster
2025-05-11T21:23:37.854+05:30  INFO 19320 --- [demo] [hab.mongodb.net] org.mongodb.driver.cluster               : Adding discovered server ac-tgwnsr8-shard-00-02.zf3phab.mongodb.net:27017 to client view of cluster
2025-05-11T21:23:37.857+05:30  INFO 19320 --- [demo] [hab.mongodb.net] org.mongodb.driver.cluster               : Adding discovered server ac-tgwnsr8-shard-00-01.zf3phab.mongodb.net:27017 to client view of cluster
2025-05-11T21:23:38.356+05:30  WARN 19320 --- [demo] [           main] .s.s.UserDetailsServiceAutoConfiguration : 

Using generated security password: 33be08ba-44e8-4f05-bdf1-dbd45f1d83ee

This generated password is for development use only. Your security configuration must be updated before running your application in production.

2025-05-11T21:23:38.366+05:30  INFO 19320 --- [demo] [           main] r$InitializeUserDetailsManagerConfigurer : Global AuthenticationManager configured with UserDetailsService bean with name inMemoryUserDetailsManager
2025-05-11T21:23:38.922+05:30  INFO 19320 --- [demo] [           main] o.s.b.a.e.web.EndpointLinksResolver      : Exposing 1 endpoint beneath base path '/actuator'
2025-05-11T21:23:39.019+05:30  INFO 19320 --- [demo] [ngodb.net:27017] org.mongodb.driver.cluster               : Monitor thread successfully connected to server with description ServerDescription{address=ac-tgwnsr8-shard-00-02.zf3phab.mongodb.net:27017, type=REPLICA_SET_PRIMARY, cryptd=false, state=CONNECTED, ok=true, minWireVersion=0, maxWireVersion=25, maxDocumentSize=16777216, logicalSessionTimeoutMinutes=30, roundTripTimeNanos=588452100, minRoundTripTimeNanos=0, setName='atlas-a3dgq9-shard-0', canonicalAddress=ac-tgwnsr8-shard-00-02.zf3phab.mongodb.net:27017, hosts=[ac-tgwnsr8-shard-00-00.zf3phab.mongodb.net:27017, ac-tgwnsr8-shard-00-01.zf3phab.mongodb.net:27017, ac-tgwnsr8-shard-00-02.zf3phab.mongodb.net:27017], passives=[], arbiters=[], primary='ac-tgwnsr8-shard-00-02.zf3phab.mongodb.net:27017', tagSet=TagSet{[Tag{name='availabilityZone', value='aps1-az2'}, Tag{name='diskState', value='READY'}, Tag{name='nodeType', value='ELECTABLE'}, Tag{name='provider', value='AWS'}, Tag{name='region', value='AP_SOUTH_1'}, Tag{name='workloadType', value='OPERATIONAL'}]}, electionId=7fffffff000000000000002e, setVersion=1, topologyVersion=TopologyVersion{processId=6819e0ba5d0d2cfed6dd8e00, counter=6}, lastWriteDate=Sun May 11 21:23:32 IST 2025, lastUpdateTimeNanos=7999121258900}
2025-05-11T21:23:39.019+05:30  INFO 19320 --- [demo] [ngodb.net:27017] org.mongodb.driver.cluster               : Monitor thread successfully connected to server with description ServerDescription{address=ac-tgwnsr8-shard-00-00.zf3phab.mongodb.net:27017, type=REPLICA_SET_SECONDARY, cryptd=false, state=CONNECTED, ok=true, minWireVersion=0, maxWireVersion=25, maxDocumentSize=16777216, logicalSessionTimeoutMinutes=30, roundTripTimeNanos=599712100, minRoundTripTimeNanos=0, setName='atlas-a3dgq9-shard-0', canonicalAddress=ac-tgwnsr8-shard-00-00.zf3phab.mongodb.net:27017, hosts=[ac-tgwnsr8-shard-00-00.zf3phab.mongodb.net:27017, ac-tgwnsr8-shard-00-01.zf3phab.mongodb.net:27017, ac-tgwnsr8-shard-00-02.zf3phab.mongodb.net:27017], passives=[], arbiters=[], primary='ac-tgwnsr8-shard-00-02.zf3phab.mongodb.net:27017', tagSet=TagSet{[Tag{name='availabilityZone', value='aps1-az1'}, Tag{name='diskState', value='READY'}, Tag{name='nodeType', value='ELECTABLE'}, Tag{name='provider', value='AWS'}, Tag{name='region', value='AP_SOUTH_1'}, Tag{name='workloadType', value='OPERATIONAL'}]}, electionId=null, setVersion=1, topologyVersion=TopologyVersion{processId=6819df5ada0ced4360a175a9, counter=4}, lastWriteDate=Sun May 11 21:23:32 IST 2025, lastUpdateTimeNanos=7999121258800}
2025-05-11T21:23:39.020+05:30  INFO 19320 --- [demo] [ngodb.net:27017] org.mongodb.driver.cluster               : Monitor thread successfully connected to server with description ServerDescription{address=ac-tgwnsr8-shard-00-01.zf3phab.mongodb.net:27017, type=REPLICA_SET_SECONDARY, cryptd=false, state=CONNECTED, ok=true, minWireVersion=0, maxWireVersion=25, maxDocumentSize=16777216, logicalSessionTimeoutMinutes=30, roundTripTimeNanos=600312200, minRoundTripTimeNanos=0, setName='atlas-a3dgq9-shard-0', canonicalAddress=ac-tgwnsr8-shard-00-01.zf3phab.mongodb.net:27017, hosts=[ac-tgwnsr8-shard-00-00.zf3phab.mongodb.net:27017, ac-tgwnsr8-shard-00-01.zf3phab.mongodb.net:27017, ac-tgwnsr8-shard-00-02.zf3phab.mongodb.net:27017], passives=[], arbiters=[], primary='ac-tgwnsr8-shard-00-02.zf3phab.mongodb.net:27017', tagSet=TagSet{[Tag{name='availabilityZone', value='aps1-az3'}, Tag{name='diskState', value='READY'}, Tag{name='nodeType', value='ELECTABLE'}, Tag{name='provider', value='AWS'}, Tag{name='region', value='AP_SOUTH_1'}, Tag{name='workloadType', value='OPERATIONAL'}]}, electionId=null, setVersion=1, topologyVersion=TopologyVersion{processId=6819e1b84b3217850271ff11, counter=3}, lastWriteDate=Sun May 11 21:23:32 IST 2025, lastUpdateTimeNanos=7999121258800}
2025-05-11T21:23:39.025+05:30  INFO 19320 --- [demo] [ngodb.net:27017] org.mongodb.driver.cluster               : Discovered replica set primary ac-tgwnsr8-shard-00-02.zf3phab.mongodb.net:27017 with max election id 7fffffff000000000000002e and max set version 1
2025-05-11T21:23:39.560+05:30  INFO 19320 --- [demo] [           main] com.Auth.demo.DemoApplicationTests       : Started DemoApplicationTests in 4.72 seconds (process running for 6.545)
]]></system-out>
    <system-err><![CDATA[Mockito is currently self-attaching to enable the inline-mock-maker. This will no longer work in future releases of the JDK. Please add Mockito as an agent to your build what is described in Mockito's documentation: https://javadoc.io/doc/org.mockito/mockito-core/latest/org/mockito/Mockito.html#0.3
WARNING: A Java agent has been loaded dynamically (C:\Users\HP\.m2\repository\net\bytebuddy\byte-buddy-agent\1.15.11\byte-buddy-agent-1.15.11.jar)
WARNING: If a serviceability tool is in use, please run with -XX:+EnableDynamicAgentLoading to hide this warning
WARNING: If a serviceability tool is not in use, please run with -Djdk.instrument.traceUsage for more information
WARNING: Dynamic loading of agents will be disallowed by default in a future release
]]></system-err>
  </testcase>
</testsuite>